Exporter version: 5.6.4, Blender version: 2.78 (sub 0)
========= Conversion from Blender to Babylon.js =========
	Scene settings used :
		export scope        :  ALL
		inline textures     :  false
		Positions Precision :  4
		Normals Precision   :  3
		UVs Precision       :  3
		Vert Color Precision:  3
		Mat Weight Precision:  2
		texture directory   :  /Users/theo/github/invisiblehand/public/assets/
	Python World class constructor completed
	processing begun of mesh:  Hand_3D.002_Plane.003
		processing begun of Standard material:  Hand_skin_mat
			Diffuse texture found "Kd"
				Image texture found, type:  diffuseTexture, mapped using: "UVMap"
	WARNING: Error encountered processing image file:  , Error:  [Errno 2] No such file or directory: 'textures/Hand_3D_DISP.jpg'
		num positions      :  2751
		num normals        :  2751
		num uvs            :  5502
		num uvs2           :  0
		num colors         :  0
		num indices        :  11544
	processing begun of camera (UniversalCamera):  Camera
	processing begun of light (POINT):  Lamp
========= Writing of scene file started =========
========= Writing of scene file completed =========
========= end of processing =========
elapsed time:  0 min, 0.4372 secs
